[debug] [2019-01-31T10:19:56.514Z] ----------------------------------------------------------------------
[debug] [2019-01-31T10:19:56.542Z] Command:       C:\Program Files\nodejs\node.exe C:\Users\shalom\AppData\Roaming\npm\node_modules\firebase-tools\lib\bin\firebase.js deploy --only functions
[debug] [2019-01-31T10:19:56.543Z] CLI Version:   6.3.0
[debug] [2019-01-31T10:19:56.543Z] Platform:      win32
[debug] [2019-01-31T10:19:56.543Z] Node Version:  v10.15.0
[debug] [2019-01-31T10:19:56.691Z] Time:          Thu Jan 31 2019 11:19:56 GMT+0100 (West Africa Standard Time)
[debug] [2019-01-31T10:19:56.691Z] ----------------------------------------------------------------------
[debug] 
[debug] [2019-01-31T10:19:57.170Z] > command requires scopes: ["email","openid","https://www.googleapis.com/auth/cloudplatformprojects.readonly","https://www.googleapis.com/auth/firebase","https://www.googleapis.com/auth/cloud-platform"]
[debug] [2019-01-31T10:19:57.299Z] > authorizing via signed-in user
[debug] [2019-01-31T10:19:57.301Z] [iam] checking project club-membership-190d2 for permissions ["cloudfunctions.functions.create","cloudfunctions.functions.delete","cloudfunctions.functions.get","cloudfunctions.functions.list","cloudfunctions.functions.update","cloudfunctions.operations.get","firebase.projects.get"]
[debug] [2019-01-31T10:19:57.334Z] > refreshing access token with scopes: ["email","https://www.googleapis.com/auth/cloud-platform","https://www.googleapis.com/auth/cloudplatformprojects.readonly","https://www.googleapis.com/auth/firebase","openid"]
[debug] [2019-01-31T10:19:57.356Z] >>> HTTP REQUEST POST https://www.googleapis.com/oauth2/v3/token  
 <request body omitted>
[debug] [2019-01-31T10:19:59.442Z] <<< HTTP RESPONSE 200
[debug] [2019-01-31T10:19:59.665Z] >>> HTTP REQUEST POST https://cloudresourcemanager.googleapis.com/v1/projects/club-membership-190d2:testIamPermissions  

[debug] [2019-01-31T10:20:01.801Z] <<< HTTP RESPONSE 200
[info] 
[info] === Deploying to 'club-membership-190d2'...
[info] 
[info] i  deploying functions
[info] Running command: npm --prefix "$RESOURCE_DIR" run lint
