[0127/104649.011:ERROR:process_info.cc(329)] VirtualQueryEx: Access is denied. (0x5)
[0127/104651.470:ERROR:process_info.cc(550)] ReadMemoryInfo failed
[0127/104651.762:ERROR:process_reader_win.cc(151)] SuspendThread: Access is denied. (0x5)
[0127/104651.762:ERROR:exception_snapshot_win.cc(88)] thread ID 0 not found in process
[0127/104652.043:ERROR:scoped_process_suspend.cc(40)] NtResumeProcess: An attempt was made to access an exiting process. (0xc000010a)
[0127/105002.548:ERROR:http_transport_win.cc(273)] WinHttpSendRequest: The operation completed successfully. (0x0)
[0128/112715.445:ERROR:process_reader_win.cc(242)] ReadMemory at 0x944d470000 of 65536 bytes failed: Only part of a ReadProcessMemory or WriteProcessMemory request was completed. (0x12B)
[0128/112715.547:ERROR:process_reader_win.cc(242)] ReadMemory at 0x944fbae000 of 8192 bytes failed: Only part of a ReadProcessMemory or WriteProcessMemory request was completed. (0x12B)
[0128/112715.547:ERROR:process_reader_win.cc(242)] ReadMemory at 0x944fdaa000 of 24576 bytes failed: Only part of a ReadProcessMemory or WriteProcessMemory request was completed. (0x12B)
[0128/112715.547:ERROR:process_reader_win.cc(242)] ReadMemory at 0x944ffa9000 of 28672 bytes failed: Only part of a ReadProcessMemory or WriteProcessMemory request was completed. (0x12B)
[0128/112715.548:ERROR:process_reader_win.cc(242)] ReadMemory at 0x94501ae000 of 8192 bytes failed: Only part of a ReadProcessMemory or WriteProcessMemory request was completed. (0x12B)
[0128/112715.548:ERROR:process_reader_win.cc(242)] ReadMemory at 0x94503ae000 of 8192 bytes failed: Only part of a ReadProcessMemory or WriteProcessMemory request was completed. (0x12B)
[0128/112715.548:ERROR:process_reader_win.cc(242)] ReadMemory at 0x94505ad000 of 12288 bytes failed: Only part of a ReadProcessMemory or WriteProcessMemory request was completed. (0x12B)
[0128/112715.548:ERROR:process_reader_win.cc(242)] ReadMemory at 0x94507af000 of 4096 bytes failed: Only part of a ReadProcessMemory or WriteProcessMemory request was completed. (0x12B)
[0128/112715.548:ERROR:process_reader_win.cc(242)] ReadMemory at 0x94509ae000 of 8192 bytes failed: Only part of a ReadProcessMemory or WriteProcessMemory request was completed. (0x12B)
[0128/112715.548:ERROR:process_reader_win.cc(242)] ReadMemory at 0x9450dad000 of 12288 bytes failed: Only part of a ReadProcessMemory or WriteProcessMemory request was completed. (0x12B)
[0128/112715.548:ERROR:process_reader_win.cc(242)] ReadMemory at 0x9450fa8000 of 32768 bytes failed: Only part of a ReadProcessMemory or WriteProcessMemory request was completed. (0x12B)
[0128/112715.549:ERROR:process_reader_win.cc(242)] ReadMemory at 0x94511ae000 of 8192 bytes failed: Only part of a ReadProcessMemory or WriteProcessMemory request was completed. (0x12B)
[0128/112715.549:ERROR:process_reader_win.cc(242)] ReadMemory at 0x94522fc000 of 16384 bytes failed: Only part of a ReadProcessMemory or WriteProcessMemory request was completed. (0x12B)
[0128/112715.549:ERROR:process_reader_win.cc(242)] ReadMemory at 0x945330e000 of 8192 bytes failed: Only part of a ReadProcessMemory or WriteProcessMemory request was completed. (0x12B)
[0128/112715.549:ERROR:process_reader_win.cc(242)] ReadMemory at 0x944d610780 of 62 bytes failed: Only part of a ReadProcessMemory or WriteProcessMemory request was completed. (0x12B)
[0128/112715.549:ERROR:process_reader_win.cc(242)] ReadMemory at 0x944d610860 of 16386 bytes failed: Only part of a ReadProcessMemory or WriteProcessMemory request was completed. (0x12B)
[0128/112715.549:ERROR:process_reader_win.cc(242)] ReadMemory at 0x944d614870 of 1012 bytes failed: Only part of a ReadProcessMemory or WriteProcessMemory request was completed. (0x12B)
[0128/112715.550:ERROR:process_reader_win.cc(242)] ReadMemory at 0x944d614e88 of 118 bytes failed: Only part of a ReadProcessMemory or WriteProcessMemory request was completed. (0x12B)
[0128/112715.550:ERROR:process_reader_win.cc(242)] ReadMemory at 0x944d614f00 of 972 bytes failed: Only part of a ReadProcessMemory or WriteProcessMemory request was completed. (0x12B)
[0128/112715.550:ERROR:process_reader_win.cc(242)] ReadMemory at 0x944d6152ce of 118 bytes failed: Only part of a ReadProcessMemory or WriteProcessMemory request was completed. (0x12B)
[0128/112715.550:ERROR:process_reader_win.cc(242)] ReadMemory at 0x944d615346 of 100 bytes failed: Only part of a ReadProcessMemory or WriteProcessMemory request was completed. (0x12B)
[0128/112715.550:ERROR:process_reader_win.cc(242)] ReadMemory at 0x944d6153c0 of 58 bytes failed: Only part of a ReadProcessMemory or WriteProcessMemory request was completed. (0x12B)
[0128/112715.550:ERROR:process_reader_win.cc(242)] ReadMemory at 0x944d6154c0 of 132 bytes failed: Only part of a ReadProcessMemory or WriteProcessMemory request was completed. (0x12B)
[0128/112715.550:ERROR:process_reader_win.cc(242)] ReadMemory at 0x944d615640 of 132 bytes failed: Only part of a ReadProcessMemory or WriteProcessMemory request was completed. (0x12B)
[0128/112715.550:ERROR:process_reader_win.cc(242)] ReadMemory at 0x944d615850 of 124 bytes failed: Only part of a ReadProcessMemory or WriteProcessMemory request was completed. (0x12B)
[0128/112715.550:ERROR:process_reader_win.cc(242)] ReadMemory at 0x944d615b40 of 64 bytes failed: Only part of a ReadProcessMemory or WriteProcessMemory request was completed. (0x12B)
[0128/112715.551:ERROR:process_reader_win.cc(242)] ReadMemory at 0x944d615b90 of 132 bytes failed: Only part of a ReadProcessMemory or WriteProcessMemory request was completed. (0x12B)
[0128/112715.551:ERROR:process_reader_win.cc(242)] ReadMemory at 0x944d615f00 of 68 bytes failed: Only part of a ReadProcessMemory or WriteProcessMemory request was completed. (0x12B)
[0128/112715.551:ERROR:process_reader_win.cc(242)] ReadMemory at 0x944d615f50 of 132 bytes failed: Only part of a ReadProcessMemory or WriteProcessMemory request was completed. (0x12B)
[0128/112715.551:ERROR:process_reader_win.cc(242)] ReadMemory at 0x944d616d10 of 152 bytes failed: Only part of a ReadProcessMemory or WriteProcessMemory request was completed. (0x12B)
[0128/112715.551:ERROR:process_reader_win.cc(242)] ReadMemory at 0x944d616dc0 of 132 bytes failed: Only part of a ReadProcessMemory or WriteProcessMemory request was completed. (0x12B)
[0128/112715.551:ERROR:process_reader_win.cc(242)] ReadMemory at 0x944d616ee0 of 62 bytes failed: Only part of a ReadProcessMemory or WriteProcessMemory request was completed. (0x12B)
[0128/112715.551:ERROR:process_reader_win.cc(242)] ReadMemory at 0x944d616f30 of 132 bytes failed: Only part of a ReadProcessMemory or WriteProcessMemory request was completed. (0x12B)
[0128/112715.551:ERROR:process_reader_win.cc(242)] ReadMemory at 0x944d617140 of 64 bytes failed: Only part of a ReadProcessMemory or WriteProcessMemory request was completed. (0x12B)
[0128/112715.551:ERROR:process_reader_win.cc(242)] ReadMemory at 0x944d617190 of 132 bytes failed: Only part of a ReadProcessMemory or WriteProcessMemory request was completed. (0x12B)
[0128/112715.552:ERROR:process_reader_win.cc(242)] ReadMemory at 0x944d6173a0 of 60 bytes failed: Only part of a ReadProcessMemory or WriteProcessMemory request was completed. (0x12B)
[0128/112715.552:ERROR:process_reader_win.cc(242)] ReadMemory at 0x944d6173f0 of 132 bytes failed: Only part of a ReadProcessMemory or WriteProcessMemory request was completed. (0x12B)
[0128/112715.552:ERROR:process_reader_win.cc(242)] ReadMemory at 0x944d61a2a0 of 132 bytes failed: Only part of a ReadProcessMemory or WriteProcessMemory request was completed. (0x12B)
[0128/112715.552:ERROR:process_reader_win.cc(242)] ReadMemory at 0x944d61ade0 of 62 bytes failed: Only part of a ReadProcessMemory or WriteProcessMemory request was completed. (0x12B)
[0128/112715.552:ERROR:process_reader_win.cc(242)] ReadMemory at 0x944d61ae30 of 132 bytes failed: Only part of a ReadProcessMemory or WriteProcessMemory request was completed. (0x12B)
[0128/112715.552:ERROR:process_reader_win.cc(242)] ReadMemory at 0x944d61b3b0 of 62 bytes failed: Only part of a ReadProcessMemory or WriteProcessMemory request was completed. (0x12B)
[0128/112715.552:ERROR:process_reader_win.cc(242)] ReadMemory at 0x944d61b470 of 58 bytes failed: Only part of a ReadProcessMemory or WriteProcessMemory request was completed. (0x12B)
[0128/112715.552:ERROR:process_reader_win.cc(242)] ReadMemory at 0x944d61b4c0 of 132 bytes failed: Only part of a ReadProcessMemory or WriteProcessMemory request was completed. (0x12B)
[0128/112715.552:ERROR:process_reader_win.cc(242)] ReadMemory at 0x944d61b5e0 of 132 bytes failed: Only part of a ReadProcessMemory or WriteProcessMemory request was completed. (0x12B)
[0128/112715.553:ERROR:process_reader_win.cc(242)] ReadMemory at 0x944d61b700 of 58 bytes failed: Only part of a ReadProcessMemory or WriteProcessMemory request was completed. (0x12B)
[0128/112715.553:ERROR:process_reader_win.cc(242)] ReadMemory at 0x944d61b750 of 132 bytes failed: Only part of a ReadProcessMemory or WriteProcessMemory request was completed. (0x12B)
[0128/112715.553:ERROR:process_reader_win.cc(242)] ReadMemory at 0x944d61bdb0 of 60 bytes failed: Only part of a ReadProcessMemory or WriteProcessMemory request was completed. (0x12B)
[0128/112715.553:ERROR:process_reader_win.cc(242)] ReadMemory at 0x944d61c3a0 of 132 bytes failed: Only part of a ReadProcessMemory or WriteProcessMemory request was completed. (0x12B)
[0128/112715.553:ERROR:process_reader_win.cc(242)] ReadMemory at 0x944d61c510 of 62 bytes failed: Only part of a ReadProcessMemory or WriteProcessMemory request was completed. (0x12B)
[0128/112715.553:ERROR:process_reader_win.cc(242)] ReadMemory at 0x944d61c5b0 of 62 bytes failed: Only part of a ReadProcessMemory or WriteProcessMemory request was completed. (0x12B)
[0128/112715.553:ERROR:process_reader_win.cc(242)] ReadMemory at 0x944d61c600 of 64 bytes failed: Only part of a ReadProcessMemory or WriteProcessMemory request was completed. (0x12B)
[0128/112715.553:ERROR:process_reader_win.cc(242)] ReadMemory at 0x944d61c650 of 66 bytes failed: Only part of a ReadProcessMemory or WriteProcessMemory request was completed. (0x12B)
[0128/112715.553:ERROR:process_reader_win.cc(242)] ReadMemory at 0x944d61c830 of 62 bytes failed: Only part of a ReadProcessMemory or WriteProcessMemory request was completed. (0x12B)
[0128/112715.554:ERROR:process_reader_win.cc(242)] ReadMemory at 0x944d61c9c0 of 58 bytes failed: Only part of a ReadProcessMemory or WriteProcessMemory request was completed. (0x12B)
[0128/112715.554:ERROR:process_reader_win.cc(242)] ReadMemory at 0x944d61ca10 of 60 bytes failed: Only part of a ReadProcessMemory or WriteProcessMemory request was completed. (0x12B)
[0128/112715.554:ERROR:process_reader_win.cc(242)] ReadMemory at 0x944d61cb00 of 60 bytes failed: Only part of a ReadProcessMemory or WriteProcessMemory request was completed. (0x12B)
[0128/112715.554:ERROR:process_reader_win.cc(242)] ReadMemory at 0x944d61cba0 of 58 bytes failed: Only part of a ReadProcessMemory or WriteProcessMemory request was completed. (0x12B)
[0128/112715.554:ERROR:process_reader_win.cc(242)] ReadMemory at 0x944d61cbf0 of 58 bytes failed: Only part of a ReadProcessMemory or WriteProcessMemory request was completed. (0x12B)
[0128/112715.554:ERROR:process_reader_win.cc(242)] ReadMemory at 0x944d61cc40 of 66 bytes failed: Only part of a ReadProcessMemory or WriteProcessMemory request was completed. (0x12B)
[0128/112715.554:ERROR:process_reader_win.cc(242)] ReadMemory at 0x944d61ccd0 of 132 bytes failed: Only part of a ReadProcessMemory or WriteProcessMemory request was completed. (0x12B)
[0128/112715.554:ERROR:process_reader_win.cc(242)] ReadMemory at 0x944d61d260 of 132 bytes failed: Only part of a ReadProcessMemory or WriteProcessMemory request was completed. (0x12B)
[0128/112715.554:ERROR:process_reader_win.cc(242)] ReadMemory at 0x944d61d380 of 54 bytes failed: Only part of a ReadProcessMemory or WriteProcessMemory request was completed. (0x12B)
[0128/112715.554:ERROR:process_reader_win.cc(242)] ReadMemory at 0x944d61d440 of 132 bytes failed: Only part of a ReadProcessMemory or WriteProcessMemory request was completed. (0x12B)
[0128/112715.555:ERROR:process_reader_win.cc(242)] ReadMemory at 0x944d61d5b0 of 132 bytes failed: Only part of a ReadProcessMemory or WriteProcessMemory request was completed. (0x12B)
[0128/112715.555:ERROR:process_reader_win.cc(242)] ReadMemory at 0x944d61d6d0 of 132 bytes failed: Only part of a ReadProcessMemory or WriteProcessMemory request was completed. (0x12B)
[0128/112715.555:ERROR:process_reader_win.cc(242)] ReadMemory at 0x944d61d7f0 of 132 bytes failed: Only part of a ReadProcessMemory or WriteProcessMemory request was completed. (0x12B)
[0128/112715.555:ERROR:process_reader_win.cc(242)] ReadMemory at 0x944d61d910 of 132 bytes failed: Only part of a ReadProcessMemory or WriteProcessMemory request was completed. (0x12B)
[0128/112715.555:ERROR:process_reader_win.cc(242)] ReadMemory at 0x944d61da30 of 132 bytes failed: Only part of a ReadProcessMemory or WriteProcessMemory request was completed. (0x12B)
[0128/112715.555:ERROR:process_reader_win.cc(242)] ReadMemory at 0x944d61db50 of 132 bytes failed: Only part of a ReadProcessMemory or WriteProcessMemory request was completed. (0x12B)
[0128/112715.555:ERROR:process_reader_win.cc(242)] ReadMemory at 0x944d61dc70 of 132 bytes failed: Only part of a ReadProcessMemory or WriteProcessMemory request was completed. (0x12B)
[0128/112715.555:ERROR:process_reader_win.cc(242)] ReadMemory at 0x944d61dd90 of 132 bytes failed: Only part of a ReadProcessMemory or WriteProcessMemory request was completed. (0x12B)
[0128/112715.555:ERROR:process_reader_win.cc(242)] ReadMemory at 0x944d61deb0 of 132 bytes failed: Only part of a ReadProcessMemory or WriteProcessMemory request was completed. (0x12B)
[0128/112715.556:ERROR:process_reader_win.cc(242)] ReadMemory at 0x944d61dfd0 of 132 bytes failed: Only part of a ReadProcessMemory or WriteProcessMemory request was completed. (0x12B)
[0128/112715.556:ERROR:process_reader_win.cc(242)] ReadMemory at 0x944d61e0f0 of 132 bytes failed: Only part of a ReadProcessMemory or WriteProcessMemory request was completed. (0x12B)
[0128/112715.556:ERROR:process_reader_win.cc(242)] ReadMemory at 0x944d61e210 of 132 bytes failed: Only part of a ReadProcessMemory or WriteProcessMemory request was completed. (0x12B)
[0128/112715.556:ERROR:process_reader_win.cc(242)] ReadMemory at 0x944d61e330 of 132 bytes failed: Only part of a ReadProcessMemory or WriteProcessMemory request was completed. (0x12B)
[0128/112715.556:ERROR:process_reader_win.cc(242)] ReadMemory at 0x944d61f6b0 of 80 bytes failed: Only part of a ReadProcessMemory or WriteProcessMemory request was completed. (0x12B)
[0128/112715.556:ERROR:process_reader_win.cc(242)] ReadMemory at 0x944d620360 of 156 bytes failed: Only part of a ReadProcessMemory or WriteProcessMemory request was completed. (0x12B)
[0128/112715.556:ERROR:process_reader_win.cc(242)] ReadMemory at 0x944d6226c0 of 64 bytes failed: Only part of a ReadProcessMemory or WriteProcessMemory request was completed. (0x12B)
[0128/112715.556:ERROR:process_reader_win.cc(242)] ReadMemory at 0x944d622710 of 62 bytes failed: Only part of a ReadProcessMemory or WriteProcessMemory request was completed. (0x12B)
[0128/112715.556:ERROR:process_reader_win.cc(242)] ReadMemory at 0x944d622760 of 62 bytes failed: Only part of a ReadProcessMemory or WriteProcessMemory request was completed. (0x12B)
[0128/112715.557:ERROR:process_reader_win.cc(242)] ReadMemory at 0x944d622850 of 64 bytes failed: Only part of a ReadProcessMemory or WriteProcessMemory request was completed. (0x12B)
[0128/112715.557:ERROR:process_reader_win.cc(242)] ReadMemory at 0x944d6228a0 of 62 bytes failed: Only part of a ReadProcessMemory or WriteProcessMemory request was completed. (0x12B)
[0128/112715.557:ERROR:process_reader_win.cc(242)] ReadMemory at 0x944d6228f0 of 60 bytes failed: Only part of a ReadProcessMemory or WriteProcessMemory request was completed. (0x12B)
[0128/112715.557:ERROR:process_reader_win.cc(242)] ReadMemory at 0x944d622940 of 64 bytes failed: Only part of a ReadProcessMemory or WriteProcessMemory request was completed. (0x12B)
[0128/112715.557:ERROR:process_reader_win.cc(242)] ReadMemory at 0x944d6229e0 of 58 bytes failed: Only part of a ReadProcessMemory or WriteProcessMemory request was completed. (0x12B)
[0128/112715.557:ERROR:process_reader_win.cc(242)] ReadMemory at 0x944d622a30 of 64 bytes failed: Only part of a ReadProcessMemory or WriteProcessMemory request was completed. (0x12B)
[0128/112715.557:ERROR:process_reader_win.cc(242)] ReadMemory at 0x944d622da0 of 60 bytes failed: Only part of a ReadProcessMemory or WriteProcessMemory request was completed. (0x12B)
[0128/112715.557:ERROR:process_reader_win.cc(242)] ReadMemory at 0x944d622df0 of 62 bytes failed: Only part of a ReadProcessMemory or WriteProcessMemory request was completed. (0x12B)
[0128/112715.557:ERROR:process_reader_win.cc(242)] ReadMemory at 0x944d622e40 of 64 bytes failed: Only part of a ReadProcessMemory or WriteProcessMemory request was completed. (0x12B)
[0128/112715.558:ERROR:process_reader_win.cc(242)] ReadMemory at 0x944d622e90 of 60 bytes failed: Only part of a ReadProcessMemory or WriteProcessMemory request was completed. (0x12B)
[0128/112715.558:ERROR:process_reader_win.cc(242)] ReadMemory at 0x944d622f30 of 60 bytes failed: Only part of a ReadProcessMemory or WriteProcessMemory request was completed. (0x12B)
[0128/112715.558:ERROR:process_reader_win.cc(242)] ReadMemory at 0x944d623110 of 56 bytes failed: Only part of a ReadProcessMemory or WriteProcessMemory request was completed. (0x12B)
[0128/112715.558:ERROR:process_reader_win.cc(242)] ReadMemory at 0x944d623160 of 60 bytes failed: Only part of a ReadProcessMemory or WriteProcessMemory request was completed. (0x12B)
[0128/112715.558:ERROR:process_reader_win.cc(242)] ReadMemory at 0x944d6232a0 of 60 bytes failed: Only part of a ReadProcessMemory or WriteProcessMemory request was completed. (0x12B)
[0128/112715.558:ERROR:process_reader_win.cc(242)] ReadMemory at 0x944d6232f0 of 60 bytes failed: Only part of a ReadProcessMemory or WriteProcessMemory request was completed. (0x12B)
[0128/112715.558:ERROR:process_reader_win.cc(242)] ReadMemory at 0x944d623390 of 62 bytes failed: Only part of a ReadProcessMemory or WriteProcessMemory request was completed. (0x12B)
[0128/112715.558:ERROR:process_reader_win.cc(242)] ReadMemory at 0x944d623430 of 62 bytes failed: Only part of a ReadProcessMemory or WriteProcessMemory request was completed. (0x12B)
[0128/112715.558:ERROR:process_reader_win.cc(242)] ReadMemory at 0x944d623480 of 64 bytes failed: Only part of a ReadProcessMemory or WriteProcessMemory request was completed. (0x12B)
[0128/112715.559:ERROR:process_reader_win.cc(242)] ReadMemory at 0x944d623520 of 58 bytes failed: Only part of a ReadProcessMemory or WriteProcessMemory request was completed. (0x12B)
[0128/112715.559:ERROR:process_reader_win.cc(242)] ReadMemory at 0x944d623570 of 64 bytes failed: Only part of a ReadProcessMemory or WriteProcessMemory request was completed. (0x12B)
[0128/112715.559:ERROR:process_reader_win.cc(242)] ReadMemory at 0x944d626af0 of 248 bytes failed: Only part of a ReadProcessMemory or WriteProcessMemory request was completed. (0x12B)
[0128/112715.559:ERROR:process_reader_win.cc(242)] ReadMemory at 0x944d6284f0 of 132 bytes failed: Only part of a ReadProcessMemory or WriteProcessMemory request was completed. (0x12B)
[0128/112715.559:ERROR:process_reader_win.cc(242)] ReadMemory at 0x944d628610 of 132 bytes failed: Only part of a ReadProcessMemory or WriteProcessMemory request was completed. (0x12B)
[0128/112715.559:ERROR:process_reader_win.cc(242)] ReadMemory at 0x944d628730 of 132 bytes failed: Only part of a ReadProcessMemory or WriteProcessMemory request was completed. (0x12B)
[0128/112715.559:ERROR:process_reader_win.cc(242)] ReadMemory at 0x944d628850 of 132 bytes failed: Only part of a ReadProcessMemory or WriteProcessMemory request was completed. (0x12B)
[0128/112715.559:ERROR:process_reader_win.cc(242)] ReadMemory at 0x944d628a90 of 132 bytes failed: Only part of a ReadProcessMemory or WriteProcessMemory request was completed. (0x12B)
[0128/112715.559:ERROR:process_reader_win.cc(242)] ReadMemory at 0x944d628bb0 of 132 bytes failed: Only part of a ReadProcessMemory or WriteProcessMemory request was completed. (0x12B)
[0128/112715.560:ERROR:process_reader_win.cc(242)] ReadMemory at 0x944d628cd0 of 132 bytes failed: Only part of a ReadProcessMemory or WriteProcessMemory request was completed. (0x12B)
[0128/112715.560:ERROR:process_reader_win.cc(242)] ReadMemory at 0x944d628df0 of 132 bytes failed: Only part of a ReadProcessMemory or WriteProcessMemory request was completed. (0x12B)
[0128/112715.560:ERROR:process_reader_win.cc(242)] ReadMemory at 0x944d628f10 of 132 bytes failed: Only part of a ReadProcessMemory or WriteProcessMemory request was completed. (0x12B)
[0128/112715.560:ERROR:process_reader_win.cc(242)] ReadMemory at 0x944d629030 of 132 bytes failed: Only part of a ReadProcessMemory or WriteProcessMemory request was completed. (0x12B)
[0128/112715.560:ERROR:process_reader_win.cc(242)] ReadMemory at 0x944d629150 of 132 bytes failed: Only part of a ReadProcessMemory or WriteProcessMemory request was completed. (0x12B)
[0128/112715.560:ERROR:process_reader_win.cc(242)] ReadMemory at 0x944d629270 of 132 bytes failed: Only part of a ReadProcessMemory or WriteProcessMemory request was completed. (0x12B)
[0128/112715.560:ERROR:process_reader_win.cc(242)] ReadMemory at 0x944d6295d0 of 132 bytes failed: Only part of a ReadProcessMemory or WriteProcessMemory request was completed. (0x12B)
[0128/112715.560:ERROR:process_reader_win.cc(242)] ReadMemory at 0x944d6296f0 of 132 bytes failed: Only part of a ReadProcessMemory or WriteProcessMemory request was completed. (0x12B)
[0128/112715.560:ERROR:process_reader_win.cc(242)] ReadMemory at 0x944d629810 of 132 bytes failed: Only part of a ReadProcessMemory or WriteProcessMemory request was completed. (0x12B)
[0128/112715.560:ERROR:process_reader_win.cc(242)] ReadMemory at 0x944d629930 of 132 bytes failed: Only part of a ReadProcessMemory or WriteProcessMemory request was completed. (0x12B)
[0128/112715.561:ERROR:process_reader_win.cc(242)] ReadMemory at 0x944d629a50 of 132 bytes failed: Only part of a ReadProcessMemory or WriteProcessMemory request was completed. (0x12B)
[0128/112715.561:ERROR:process_reader_win.cc(242)] ReadMemory at 0x944d629b70 of 132 bytes failed: Only part of a ReadProcessMemory or WriteProcessMemory request was completed. (0x12B)
[0128/112715.561:ERROR:process_reader_win.cc(242)] ReadMemory at 0x944d629c90 of 132 bytes failed: Only part of a ReadProcessMemory or WriteProcessMemory request was completed. (0x12B)
[0128/112715.561:ERROR:process_reader_win.cc(242)] ReadMemory at 0x944d629ed0 of 132 bytes failed: Only part of a ReadProcessMemory or WriteProcessMemory request was completed. (0x12B)
[0128/112715.561:ERROR:process_reader_win.cc(242)] ReadMemory at 0x944d629ff0 of 132 bytes failed: Only part of a ReadProcessMemory or WriteProcessMemory request was completed. (0x12B)
[0128/112715.561:ERROR:process_reader_win.cc(242)] ReadMemory at 0x944d62a230 of 132 bytes failed: Only part of a ReadProcessMemory or WriteProcessMemory request was completed. (0x12B)
[0128/112715.561:ERROR:process_reader_win.cc(242)] ReadMemory at 0x944d6317c0 of 512 bytes failed: Only part of a ReadProcessMemory or WriteProcessMemory request was completed. (0x12B)
[0128/112715.561:ERROR:process_reader_win.cc(242)] ReadMemory at 0x944d632b10 of 512 bytes failed: Only part of a ReadProcessMemory or WriteProcessMemory request was completed. (0x12B)
[0128/112715.561:ERROR:process_reader_win.cc(242)] ReadMemory at 0x944dc76610 of 512 bytes failed: Only part of a ReadProcessMemory or WriteProcessMemory request was completed. (0x12B)
[0128/112715.562:ERROR:process_reader_win.cc(242)] ReadMemory at 0x944dc78b88 of 512 bytes failed: Only part of a ReadProcessMemory or WriteProcessMemory request was completed. (0x12B)
[0128/112715.562:ERROR:process_reader_win.cc(242)] ReadMemory at 0x944dc7e890 of 512 bytes failed: Only part of a ReadProcessMemory or WriteProcessMemory request was completed. (0x12B)
[0128/112715.562:ERROR:process_reader_win.cc(242)] ReadMemory at 0x944dc87210 of 688 bytes failed: Only part of a ReadProcessMemory or WriteProcessMemory request was completed. (0x12B)
[0128/112715.562:ERROR:process_reader_win.cc(242)] ReadMemory at 0x944dc91cd0 of 512 bytes failed: Only part of a ReadProcessMemory or WriteProcessMemory request was completed. (0x12B)
[0128/112715.562:ERROR:process_reader_win.cc(242)] ReadMemory at 0x944dc98410 of 512 bytes failed: Only part of a ReadProcessMemory or WriteProcessMemory request was completed. (0x12B)
[0128/112715.562:ERROR:process_reader_win.cc(242)] ReadMemory at 0x944dca7ca0 of 592 bytes failed: Only part of a ReadProcessMemory or WriteProcessMemory request was completed. (0x12B)
[0128/112715.562:ERROR:process_reader_win.cc(242)] ReadMemory at 0x94509b41b8 of 512 bytes failed: Only part of a ReadProcessMemory or WriteProcessMemory request was completed. (0x12B)
[0128/112715.562:ERROR:process_reader_win.cc(242)] ReadMemory at 0x94509b47e8 of 512 bytes failed: Only part of a ReadProcessMemory or WriteProcessMemory request was completed. (0x12B)
[0128/112715.562:ERROR:process_reader_win.cc(242)] ReadMemory at 0x94509b77a0 of 512 bytes failed: Only part of a ReadProcessMemory or WriteProcessMemory request was completed. (0x12B)
[0128/112715.562:ERROR:process_reader_win.cc(242)] ReadMemory at 0x94509b8300 of 512 bytes failed: Only part of a ReadProcessMemory or WriteProcessMemory request was completed. (0x12B)
[0128/112715.563:ERROR:process_reader_win.cc(242)] ReadMemory at 0x94509e6630 of 512 bytes failed: Only part of a ReadProcessMemory or WriteProcessMemory request was completed. (0x12B)
[0128/112715.563:ERROR:process_reader_win.cc(242)] ReadMemory at 0x94518526d0 of 512 bytes failed: Only part of a ReadProcessMemory or WriteProcessMemory request was completed. (0x12B)
[0128/112715.563:ERROR:process_reader_win.cc(242)] ReadMemory at 0x9452a585a0 of 512 bytes failed: Only part of a ReadProcessMemory or WriteProcessMemory request was completed. (0x12B)
[0128/112715.563:ERROR:process_reader_win.cc(242)] ReadMemory at 0x9452d50d90 of 512 bytes failed: Only part of a ReadProcessMemory or WriteProcessMemory request was completed. (0x12B)
[0128/112715.563:ERROR:process_reader_win.cc(242)] ReadMemory at 0x401b10687cd0 of 512 bytes failed: Only part of a ReadProcessMemory or WriteProcessMemory request was completed. (0x12B)
[0128/112715.563:ERROR:process_reader_win.cc(242)] ReadMemory at 0x401b1068f691 of 583 bytes failed: Only part of a ReadProcessMemory or WriteProcessMemory request was completed. (0x12B)
[0128/112715.563:ERROR:process_reader_win.cc(242)] ReadMemory at 0x401b106fff80 of 128 bytes failed: Only part of a ReadProcessMemory or WriteProcessMemory request was completed. (0x12B)
[0128/112715.563:ERROR:process_reader_win.cc(242)] ReadMemory at 0x623009cfe778 of 512 bytes failed: Only part of a ReadProcessMemory or WriteProcessMemory request was completed. (0x12B)
[0128/112715.563:ERROR:process_reader_win.cc(242)] ReadMemory at 0x6965b5b15e68 of 512 bytes failed: Only part of a ReadProcessMemory or WriteProcessMemory request was completed. (0x12B)
[0128/112715.564:ERROR:process_reader_win.cc(242)] ReadMemory at 0x7ff6d6420000 of 6024 bytes failed: Only part of a ReadProcessMemory or WriteProcessMemory request was completed. (0x12B)
[0128/112715.564:ERROR:process_reader_win.cc(242)] ReadMemory at 0x7ff6d6422000 of 6024 bytes failed: Only part of a ReadProcessMemory or WriteProcessMemory request was completed. (0x12B)
[0128/112715.564:ERROR:process_reader_win.cc(242)] ReadMemory at 0x7ff6d6424000 of 6024 bytes failed: Only part of a ReadProcessMemory or WriteProcessMemory request was completed. (0x12B)
[0128/112715.564:ERROR:process_reader_win.cc(242)] ReadMemory at 0x7ff6d6426000 of 6024 bytes failed: Only part of a ReadProcessMemory or WriteProcessMemory request was completed. (0x12B)
[0128/112715.564:ERROR:process_reader_win.cc(242)] ReadMemory at 0x7ff6d6428000 of 6024 bytes failed: Only part of a ReadProcessMemory or WriteProcessMemory request was completed. (0x12B)
[0128/112715.564:ERROR:process_reader_win.cc(242)] ReadMemory at 0x7ff6d642a000 of 6024 bytes failed: Only part of a ReadProcessMemory or WriteProcessMemory request was completed. (0x12B)
[0128/112715.564:ERROR:process_reader_win.cc(242)] ReadMemory at 0x7ff6d642c000 of 6024 bytes failed: Only part of a ReadProcessMemory or WriteProcessMemory request was completed. (0x12B)
[0128/112715.565:ERROR:process_reader_win.cc(242)] ReadMemory at 0x7ff6d642e000 of 6024 bytes failed: Only part of a ReadProcessMemory or WriteProcessMemory request was completed. (0x12B)
[0128/112715.565:ERROR:process_reader_win.cc(242)] ReadMemory at 0x7ff6d6553000 of 6024 bytes failed: Only part of a ReadProcessMemory or WriteProcessMemory request was completed. (0x12B)
[0128/112715.565:ERROR:process_reader_win.cc(242)] ReadMemory at 0x7ff6d6555000 of 6024 bytes failed: Only part of a ReadProcessMemory or WriteProcessMemory request was completed. (0x12B)
[0128/112715.565:ERROR:process_reader_win.cc(242)] ReadMemory at 0x7ff6d6557000 of 6024 bytes failed: Only part of a ReadProcessMemory or WriteProcessMemory request was completed. (0x12B)
[0128/112715.565:ERROR:process_reader_win.cc(242)] ReadMemory at 0x7ff6d6559000 of 6024 bytes failed: Only part of a ReadProcessMemory or WriteProcessMemory request was completed. (0x12B)
[0128/112715.565:ERROR:process_reader_win.cc(242)] ReadMemory at 0x7ff6d655af80 of 6152 bytes failed: Only part of a ReadProcessMemory or WriteProcessMemory request was completed. (0x12B)
[0128/112715.565:ERROR:process_reader_win.cc(242)] ReadMemory at 0x7ff6d655d000 of 6024 bytes failed: Only part of a ReadProcessMemory or WriteProcessMemory request was completed. (0x12B)
[0128/112715.566:ERROR:process_reader_win.cc(242)] ReadMemory at 0x7ff6d655f000 of 852 bytes failed: Only part of a ReadProcessMemory or WriteProcessMemory request was completed. (0x12B)
[0128/112715.566:ERROR:process_reader_win.cc(242)] ReadMemory at 0x7fff0e6b14ee of 512 bytes failed: Only part of a ReadProcessMemory or WriteProcessMemory request was completed. (0x12B)
[0128/112715.566:ERROR:process_reader_win.cc(242)] ReadMemory at 0x7fff0fe3223e of 512 bytes failed: Only part of a ReadProcessMemory or WriteProcessMemory request was completed. (0x12B)
[0128/112715.566:ERROR:process_reader_win.cc(242)] ReadMemory at 0x7fff0fe66d20 of 512 bytes failed: Only part of a ReadProcessMemory or WriteProcessMemory request was completed. (0x12B)
[0128/112715.566:ERROR:process_reader_win.cc(242)] ReadMemory at 0x7fff105a2f80 of 512 bytes failed: Only part of a ReadProcessMemory or WriteProcessMemory request was completed. (0x12B)
[0128/112715.566:ERROR:process_reader_win.cc(242)] ReadMemory at 0x7fff138f7398 of 536 bytes failed: Only part of a ReadProcessMemory or WriteProcessMemory request was completed. (0x12B)
[0128/112715.566:ERROR:process_reader_win.cc(242)] ReadMemory at 0x7fff2d8ae90c of 512 bytes failed: Only part of a ReadProcessMemory or WriteProcessMemory request was completed. (0x12B)
[0128/112715.566:ERROR:process_reader_win.cc(242)] ReadMemory at 0x7fff2d8af9d3 of 512 bytes failed: Only part of a ReadProcessMemory or WriteProcessMemory request was completed. (0x12B)
[0128/112715.567:ERROR:process_reader_win.cc(242)] ReadMemory at 0x7fff3bc00fbc of 512 bytes failed: Only part of a ReadProcessMemory or WriteProcessMemory request was completed. (0x12B)
[0128/112715.567:ERROR:process_reader_win.cc(242)] ReadMemory at 0x7fff3e0976b0 of 18 bytes failed: Only part of a ReadProcessMemory or WriteProcessMemory request was completed. (0x12B)
[0128/112715.567:ERROR:process_reader_win.cc(242)] ReadMemory at 0x7fff3e0bb690 of 512 bytes failed: Only part of a ReadProcessMemory or WriteProcessMemory request was completed. (0x12B)
[0128/112715.567:ERROR:process_reader_win.cc(242)] ReadMemory at 0x7fff3e12ab4a of 592 bytes failed: Only part of a ReadProcessMemory or WriteProcessMemory request was completed. (0x12B)
[0128/112715.567:ERROR:process_reader_win.cc(242)] ReadMemory at 0x7fff3e12c5ca of 560 bytes failed: Only part of a ReadProcessMemory or WriteProcessMemory request was completed. (0x12B)
[0128/112715.567:ERROR:process_reader_win.cc(242)] ReadMemory at 0x7fff3e12ea8b of 512 bytes failed: Only part of a ReadProcessMemory or WriteProcessMemory request was completed. (0x12B)
[0128/112715.567:ERROR:process_reader_win.cc(242)] ReadMemory at 0x7fff3e1ba980 of 40 bytes failed: Only part of a ReadProcessMemory or WriteProcessMemory request was completed. (0x12B)
[0128/112715.568:ERROR:process_reader_win.cc(242)] ReadMemory at 0x7fff3e1bde50 of 48 bytes failed: Only part of a ReadProcessMemory or WriteProcessMemory request was completed. (0x12B)
[0128/112715.568:ERROR:process_reader_win.cc(242)] ReadMemory at 0x7fff3e1c03c0 of 64 bytes failed: Only part of a ReadProcessMemory or WriteProcessMemory request was completed. (0x12B)
[0128/112715.886:ERROR:scoped_process_suspend.cc(40)] NtResumeProcess: An attempt was made to access an exiting process. (0xc000010a)
